<?xml version="1.0" encoding="UTF-8"?>
<!-- Generated by org.testng.reporters.JUnitXMLReporter -->
<testsuite ignored="4" hostname="DESKTOP-26DGKO7" failures="0" tests="4" name="Test" time="0.12" errors="0" timestamp="2023-03-21T20:01:35 IST">
  <testcase classname="testNg.Testing1" name="A" time="0.015"/>
  <testcase classname="testNg.Testing1" name="C" time="0.002"/>
  <testcase classname="testNg.Testing2" name="E" time="0.005"/>
  <testcase classname="testNg.Testing2" name="G" time="0.003"/>
  <testcase classname="testNg.Testing1" name="B" time="0.0">
    <ignored/>
  </testcase> <!-- B -->
  <testcase classname="testNg.Testing2" name="F" time="0.0">
    <ignored/>
  </testcase> <!-- F -->
  <testcase classname="testNg.Testing1" name="D" time="0.0">
    <ignored/>
  </testcase> <!-- D -->
  <testcase classname="testNg.Testing2" name="H" time="0.0">
    <ignored/>
  </testcase> <!-- H -->
</testsuite> <!-- Test -->
